t=0: [[0.851223, 0.891223], [0.847912, 0.887912]]
t=21: [[0.628288, 0.668288], [1.134923, 1.174923]]
t=34: [[0.498403, 0.538403], [1.224045, 1.264045]]
t=44: [[0.406335, 0.446335], [1.257092, 1.297092]]
t=48: [[0.369242, 0.409242], [1.259650, 1.299650]]
t=52: [[0.335467, 0.375467], [1.257076, 1.297076]]
t=58: [[0.287357, 0.327357], [1.248299, 1.288299]]
t=64: [[0.240283, 0.280283], [1.230806, 1.270806]]
t=69: [[0.204164, 0.244164], [1.211614, 1.251614]]
t=79: [[0.136952, 0.176952], [1.158481, 1.198481]]
t=84: [[0.106100, 0.146100], [1.126700, 1.166700]]
t=87: [[0.087404, 0.127404], [1.107203, 1.147203]]
t=89: [[0.077305, 0.117305], [1.093866, 1.133866]]
t=100: [[0.027040, 0.067040], [1.009419, 1.049419]]
t=102: [[0.018085, 0.058085], [0.993252, 1.033252]]
t=106: [[0.004070, 0.044070], [0.962469, 1.002469]]
t=111: [[-0.013861, 0.026139], [0.921099, 0.961099]]
t=124: [[-0.049352, -0.009352], [0.812394, 0.852394]]
t=126: [[-0.055216, -0.015216], [0.795834, 0.835834]]
t=158: [[-0.082958, -0.042958], [0.556656, 0.596656]]
t=186: [[-0.055629, -0.015629], [0.400859, 0.440859]]
t=220: [[0.022000, 0.062000], [0.311194, 0.351194]]
t=221: [[0.025551, 0.065551], [0.309517, 0.349517]]
t=225: [[0.035779, 0.075779], [0.305255, 0.345255]]
t=254: [[0.102923, 0.142923], [0.316154, 0.356154]]
t=265: [[0.129841, 0.169841], [0.336803, 0.376803]]
t=267: [[0.133801, 0.173801], [0.341233, 0.381233]]
t=278: [[0.154275, 0.194275], [0.368771, 0.408771]]
t=314: [[0.192445, 0.232445], [0.473338, 0.513338]]
t=321: [[0.196890, 0.236890], [0.490234, 0.530234]]
t=339: [[0.195021, 0.235021], [0.530282, 0.570282]]
t=344: [[0.192585, 0.232585], [0.540067, 0.580067]]
t=359: [[0.189651, 0.229651], [0.566212, 0.606212]]
t=370: [[0.182505, 0.222505], [0.581745, 0.621745]]
t=375: [[0.178860, 0.218860], [0.587260, 0.627260]]
t=383: [[0.171005, 0.211005], [0.591201, 0.631201]]
t=384: [[0.169786, 0.209786], [0.591689, 0.631689]]
t=388: [[0.167838, 0.207838], [0.593661, 0.633661]]
t=405: [[0.155189, 0.195189], [0.600649, 0.640649]]
t=423: [[0.139401, 0.179401], [0.600035, 0.640035]]
t=437: [[0.132189, 0.172189], [0.593494, 0.633494]]
t=441: [[0.131037, 0.171037], [0.590367, 0.630367]]
t=443: [[0.130010, 0.170010], [0.588419, 0.628419]]
t=453: [[0.124280, 0.164280], [0.582451, 0.622451]]
t=454: [[0.123928, 0.163928], [0.581994, 0.621994]]
t=465: [[0.118679, 0.158679], [0.576418, 0.616418]]
t=481: [[0.116467, 0.156467], [0.566313, 0.606313]]
t=483: [[0.116813, 0.156813], [0.564049, 0.604049]]
t=485: [[0.115479, 0.155479], [0.560826, 0.600826]]
t=495: [[0.116181, 0.156181], [0.553017, 0.593017]]
t=501: [[0.115253, 0.155253], [0.548736, 0.588736]]
t=522: [[0.115069, 0.155069], [0.537898, 0.577898]]
t=553: [[0.120374, 0.160374], [0.530027, 0.570027]]
t=557: [[0.124570, 0.164570], [0.530254, 0.570254]]
t=559: [[0.125309, 0.165309], [0.529852, 0.569852]]
t=562: [[0.125629, 0.165629], [0.530125, 0.570125]]
t=563: [[0.126174, 0.166174], [0.529078, 0.569078]]
t=565: [[0.126886, 0.166886], [0.529405, 0.569405]]
t=571: [[0.128703, 0.168703], [0.529233, 0.569233]]
t=576: [[0.129131, 0.169131], [0.526732, 0.566732]]
t=580: [[0.129440, 0.169440], [0.525530, 0.565530]]
t=582: [[0.129704, 0.169704], [0.526285, 0.566285]]
t=618: [[0.139538, 0.179538], [0.530778, 0.570778]]
t=636: [[0.142425, 0.182425], [0.533963, 0.573963]]
t=658: [[0.141897, 0.181897], [0.541540, 0.581540]]
t=662: [[0.142551, 0.182551], [0.544788, 0.584788]]
t=663: [[0.142736, 0.182736], [0.544258, 0.584258]]
t=675: [[0.142706, 0.182706], [0.547351, 0.587351]]
t=678: [[0.140763, 0.180763], [0.547466, 0.587466]]
t=683: [[0.141119, 0.181119], [0.546758, 0.586758]]
t=690: [[0.140721, 0.180721], [0.549220, 0.589220]]
t=703: [[0.140578, 0.180578], [0.551587, 0.591587]]
t=717: [[0.141312, 0.181312], [0.551350, 0.591350]]
t=719: [[0.140172, 0.180172], [0.551380, 0.591380]]
t=730: [[0.140911, 0.180911], [0.554911, 0.594911]]
t=737: [[0.141471, 0.181471], [0.558046, 0.598046]]
t=742: [[0.140144, 0.180144], [0.560942, 0.600942]]
t=749: [[0.139300, 0.179300], [0.562368, 0.602368]]
t=780: [[0.137097, 0.177097], [0.558751, 0.598751]]
t=785: [[0.136673, 0.176673], [0.558409, 0.598409]]
t=789: [[0.136385, 0.176385], [0.558343, 0.598343]]
t=814: [[0.133490, 0.173490], [0.553942, 0.593942]]
t=817: [[0.133167, 0.173167], [0.553140, 0.593140]]
t=818: [[0.132974, 0.172974], [0.552757, 0.592757]]
t=829: [[0.134231, 0.174231], [0.556105, 0.596105]]
t=836: [[0.134000, 0.174000], [0.553931, 0.593931]]
t=840: [[0.135840, 0.175840], [0.554265, 0.594265]]
t=870: [[0.137692, 0.177692], [0.549640, 0.589640]]
t=891: [[0.137047, 0.177047], [0.547684, 0.587684]]
t=895: [[0.135625, 0.175625], [0.547813, 0.587813]]
t=899: [[0.136100, 0.176100], [0.548174, 0.588174]]
t=920: [[0.136403, 0.176403], [0.546863, 0.586863]]
t=921: [[0.135671, 0.175671], [0.547188, 0.587188]]
t=940: [[0.135369, 0.175369], [0.542398, 0.582398]]
t=947: [[0.137566, 0.177566], [0.541667, 0.581667]]
t=955: [[0.134276, 0.174276], [0.540691, 0.580691]]
t=960: [[0.135134, 0.175134], [0.541088, 0.581088]]
t=963: [[0.134990, 0.174990], [0.540502, 0.580502]]
t=986: [[0.134685, 0.174685], [0.541675, 0.581675]]
t=990: [[0.135302, 0.175302], [0.543371, 0.583371]]
t=1005: [[0.129692, 0.169692], [0.544377, 0.584377]]
t=1026: [[0.131989, 0.171989], [0.537564, 0.577564]]
t=1027: [[0.131602, 0.171602], [0.537225, 0.577225]]
t=1031: [[0.130720, 0.170720], [0.535881, 0.575881]]
t=1035: [[0.129742, 0.169742], [0.535729, 0.575729]]
t=1049: [[0.125390, 0.165390], [0.535618, 0.575618]]
t=1058: [[0.129978, 0.169978], [0.536561, 0.576561]]
t=1060: [[0.130000, 0.170000], [0.537323, 0.577323]]
t=1064: [[0.129180, 0.169180], [0.537577, 0.577577]]
t=1072: [[0.129455, 0.169455], [0.537424, 0.577424]]
t=1074: [[0.130034, 0.170034], [0.537746, 0.577746]]
t=1078: [[0.130904, 0.170904], [0.538434, 0.578434]]
t=1092: [[0.135672, 0.175672], [0.539611, 0.579611]]
t=1094: [[0.135054, 0.175054], [0.538901, 0.578901]]
t=1102: [[0.135868, 0.175868], [0.536882, 0.576882]]
t=1123: [[0.134345, 0.174345], [0.535242, 0.575242]]
t=1126: [[0.135619, 0.175619], [0.535291, 0.575291]]
t=1138: [[0.134552, 0.174552], [0.537245, 0.577245]]
t=1141: [[0.134108, 0.174108], [0.538550, 0.578550]]
t=1142: [[0.134624, 0.174624], [0.537657, 0.577657]]
t=1146: [[0.137111, 0.177111], [0.540357, 0.580357]]
t=1160: [[0.139823, 0.179823], [0.542701, 0.582701]]
t=1163: [[0.140178, 0.180178], [0.544257, 0.584257]]
t=1167: [[0.140752, 0.180752], [0.545235, 0.585235]]
t=1172: [[0.137927, 0.177927], [0.546804, 0.586804]]
t=1173: [[0.138715, 0.178715], [0.546875, 0.586875]]
t=1180: [[0.136517, 0.176517], [0.546708, 0.586708]]
t=1181: [[0.137249, 0.177249], [0.547111, 0.587111]]
t=1189: [[0.138235, 0.178235], [0.547724, 0.587724]]
t=1190: [[0.137720, 0.177720], [0.547978, 0.587978]]
t=1195: [[0.138071, 0.178071], [0.547885, 0.587885]]
t=1205: [[0.137473, 0.177473], [0.549128, 0.589128]]
t=1207: [[0.138005, 0.178005], [0.549006, 0.589006]]
t=1211: [[0.139695, 0.179695], [0.547745, 0.587745]]
t=1214: [[0.138108, 0.178108], [0.548197, 0.588197]]
t=1217: [[0.138527, 0.178527], [0.549639, 0.589639]]
t=1219: [[0.139455, 0.179455], [0.548585, 0.588585]]
t=1227: [[0.138698, 0.178698], [0.550676, 0.590676]]
t=1232: [[0.139142, 0.179142], [0.550761, 0.590761]]
t=1244: [[0.137459, 0.177459], [0.553665, 0.593665]]
t=1246: [[0.138347, 0.178347], [0.553396, 0.593396]]
t=1250: [[0.136803, 0.176803], [0.555053, 0.595053]]
t=1251: [[0.137358, 0.177358], [0.555310, 0.595310]]
t=1259: [[0.136956, 0.176956], [0.554813, 0.594813]]
t=1309: [[0.129449, 0.169449], [0.550948, 0.590948]]
t=1318: [[0.133827, 0.173827], [0.549996, 0.589996]]
t=1327: [[0.134793, 0.174793], [0.548242, 0.588242]]
t=1336: [[0.131917, 0.171917], [0.544740, 0.584740]]
t=1350: [[0.131421, 0.171421], [0.543466, 0.583466]]
t=1356: [[0.133565, 0.173565], [0.545756, 0.585756]]
t=1363: [[0.132904, 0.172904], [0.545430, 0.585430]]
t=1366: [[0.133308, 0.173308], [0.544997, 0.584997]]
t=1367: [[0.132868, 0.172868], [0.544053, 0.584053]]
t=1399: [[0.129016, 0.169016], [0.541688, 0.581688]]
t=1402: [[0.128646, 0.168646], [0.541508, 0.581508]]
t=1408: [[0.128596, 0.168596], [0.540148, 0.580148]]
t=1411: [[0.129642, 0.169642], [0.540152, 0.580152]]
t=1413: [[0.129053, 0.169053], [0.539450, 0.579450]]
t=1419: [[0.127875, 0.167875], [0.538628, 0.578628]]
t=1427: [[0.127286, 0.167286], [0.539469, 0.579469]]
t=1429: [[0.126147, 0.166147], [0.537755, 0.577755]]
t=1432: [[0.125439, 0.165439], [0.536055, 0.576055]]
t=1439: [[0.127159, 0.167159], [0.536126, 0.576126]]
t=1441: [[0.126606, 0.166606], [0.535320, 0.575320]]
t=1442: [[0.126660, 0.166660], [0.535094, 0.575094]]
t=1449: [[0.126590, 0.166590], [0.533417, 0.573417]]
t=1455: [[0.125166, 0.165166], [0.533675, 0.573675]]
t=1463: [[0.128635, 0.168635], [0.531659, 0.571659]]
t=1486: [[0.128334, 0.168334], [0.530899, 0.570899]]
t=1488: [[0.127927, 0.167927], [0.530843, 0.570843]]
t=1493: [[0.130199, 0.170199], [0.530731, 0.570731]]
t=1494: [[0.130458, 0.170458], [0.531015, 0.571015]]
t=1495: [[0.130946, 0.170946], [0.530792, 0.570792]]
t=1496: [[0.131474, 0.171474], [0.531249, 0.571249]]
t=1497: [[0.131400, 0.171400], [0.531446, 0.571446]]
t=1504: [[0.133750, 0.173750], [0.531077, 0.571077]]
t=1512: [[0.135364, 0.175364], [0.533670, 0.573670]]
t=1521: [[0.138127, 0.178127], [0.534719, 0.574719]]
t=1539: [[0.141382, 0.181382], [0.539160, 0.579160]]
t=1542: [[0.141885, 0.181885], [0.538594, 0.578594]]
t=1545: [[0.142108, 0.182108], [0.538559, 0.578559]]
t=1548: [[0.144142, 0.184142], [0.537574, 0.577574]]
t=1559: [[0.141994, 0.181994], [0.540256, 0.580256]]
t=1562: [[0.141142, 0.181142], [0.539961, 0.579961]]
t=1570: [[0.139262, 0.179262], [0.544490, 0.584490]]
t=1614: [[0.134399, 0.174399], [0.546636, 0.586636]]
t=1619: [[0.133262, 0.173262], [0.544207, 0.584207]]
t=1621: [[0.134417, 0.174417], [0.543843, 0.583843]]
t=1635: [[0.133535, 0.173535], [0.543413, 0.583413]]
t=1636: [[0.133796, 0.173796], [0.544173, 0.584173]]
t=1649: [[0.130990, 0.170990], [0.544864, 0.584864]]
t=1664: [[0.132632, 0.172632], [0.542421, 0.582421]]
t=1666: [[0.131827, 0.171827], [0.542254, 0.582254]]
t=1685: [[0.129722, 0.169722], [0.539732, 0.579732]]
t=1686: [[0.129313, 0.169313], [0.540034, 0.580034]]
t=1701: [[0.130584, 0.170584], [0.540933, 0.580933]]
t=1703: [[0.131686, 0.171686], [0.540489, 0.580489]]
t=1712: [[0.131019, 0.171019], [0.541706, 0.581706]]
t=1716: [[0.132260, 0.172260], [0.542054, 0.582054]]
t=1730: [[0.132396, 0.172396], [0.541239, 0.581239]]
t=1740: [[0.130322, 0.170322], [0.539937, 0.579937]]
t=1751: [[0.132078, 0.172078], [0.539848, 0.579848]]
t=1755: [[0.133064, 0.173064], [0.540729, 0.580729]]
t=1758: [[0.132928, 0.172928], [0.541042, 0.581042]]
t=1779: [[0.136517, 0.176517], [0.545251, 0.585251]]
t=1780: [[0.136913, 0.176913], [0.545399, 0.585399]]
t=1781: [[0.137255, 0.177255], [0.545703, 0.585703]]
t=1802: [[0.136773, 0.176773], [0.549980, 0.589980]]
t=1813: [[0.133969, 0.173969], [0.549339, 0.589339]]
t=1838: [[0.127553, 0.167553], [0.552417, 0.592417]]
t=1840: [[0.128300, 0.168300], [0.551370, 0.591370]]
t=1842: [[0.128324, 0.168324], [0.551638, 0.591638]]
t=1863: [[0.126750, 0.166750], [0.551541, 0.591541]]
t=1864: [[0.126966, 0.166966], [0.550669, 0.590669]]
t=1875: [[0.125450, 0.165450], [0.545229, 0.585229]]
t=1878: [[0.125256, 0.165256], [0.546111, 0.586111]]
t=1887: [[0.125390, 0.165390], [0.544440, 0.584440]]
t=1891: [[0.126210, 0.166210], [0.543749, 0.583749]]
t=1894: [[0.127197, 0.167197], [0.541434, 0.581434]]
t=1897: [[0.126586, 0.166586], [0.540935, 0.580935]]
t=1904: [[0.128008, 0.168008], [0.538923, 0.578923]]
t=1909: [[0.128272, 0.168272], [0.539541, 0.579541]]
t=1910: [[0.127510, 0.167510], [0.539286, 0.579286]]
t=1915: [[0.127100, 0.167100], [0.537547, 0.577547]]
t=1931: [[0.128470, 0.168470], [0.533198, 0.573198]]
t=1932: [[0.128977, 0.168977], [0.532883, 0.572883]]
t=1934: [[0.127913, 0.167913], [0.532171, 0.572171]]
t=1944: [[0.131661, 0.171661], [0.532309, 0.572309]]
t=1945: [[0.131505, 0.171505], [0.532082, 0.572082]]
t=1949: [[0.130754, 0.170754], [0.532106, 0.572106]]
t=1976: [[0.134494, 0.174494], [0.535496, 0.575496]]
