t=0: [[1.336428, 1.376428], [2.274070, 2.314070]]
t=5: [[1.451911, 1.491911], [2.100806, 2.140806]]
t=28: [[1.851553, 1.891553], [1.061501, 1.101501]]
t=53: [[2.029288, 2.069288], [0.163157, 0.203157]]
t=64: [[2.052572, 2.092572], [-0.077174, -0.037174]]
t=67: [[2.051327, 2.091327], [-0.129698, -0.089698]]
t=75: [[2.046267, 2.086267], [-0.242710, -0.202710]]
t=77: [[2.042654, 2.082654], [-0.267322, -0.227322]]
t=84: [[2.030185, 2.070185], [-0.343109, -0.303109]]
t=93: [[2.005969, 2.045969], [-0.413449, -0.373449]]
t=122: [[1.895642, 1.935642], [-0.565843, -0.525843]]
t=125: [[1.882924, 1.922924], [-0.578544, -0.538544]]
t=128: [[1.869484, 1.909484], [-0.587641, -0.547641]]
t=152: [[1.753709, 1.793709], [-0.659122, -0.619122]]
t=185: [[1.563492, 1.603492], [-0.763885, -0.723885]]
t=200: [[1.467670, 1.507670], [-0.817655, -0.777655]]
t=227: [[1.264477, 1.304477], [-0.948142, -0.908142]]
t=249: [[1.069110, 1.109110], [-1.099224, -1.059224]]
t=275: [[0.786438, 0.826438], [-1.345924, -1.305924]]
t=300: [[0.442134, 0.482134], [-1.695556, -1.655556]]
t=306: [[0.344495, 0.384495], [-1.799213, -1.759213]]
t=334: [[-0.192744, -0.152744], [-2.357585, -2.317585]]
t=349: [[-0.551399, -0.511399], [-2.616470, -2.576470]]
t=394: [[-1.612249, -1.572249], [-1.867421, -1.827421]]
t=395: [[-1.630704, -1.590704], [-1.822299, -1.782299]]
t=427: [[-1.952312, -1.912312], [-0.460277, -0.420277]]
t=451: [[-1.958924, -1.918924], [0.114749, 0.154749]]
t=458: [[-1.940412, -1.900412], [0.224023, 0.264023]]
t=468: [[-1.903317, -1.863317], [0.345080, 0.385080]]
t=490: [[-1.776647, -1.736647], [0.534574, 0.574574]]
t=497: [[-1.728191, -1.688191], [0.581725, 0.621725]]
t=523: [[-1.530795, -1.490795], [0.745237, 0.785237]]
t=595: [[-0.703168, -0.663168], [1.438903, 1.478903]]
t=627: [[-0.120738, -0.080738], [2.058178, 2.098178]]
t=641: [[0.206481, 0.246481], [2.372059, 2.412059]]
t=683: [[1.342302, 1.382302], [2.400303, 2.440303]]
t=711: [[1.884305, 1.924305], [1.114957, 1.154957]]
t=727: [[2.026146, 2.066146], [0.444579, 0.484579]]
t=728: [[2.030851, 2.070851], [0.409533, 0.449533]]
t=733: [[2.054727, 2.094727], [0.252928, 0.292928]]
t=744: [[2.081140, 2.121140], [-0.019530, 0.020470]]
t=750: [[2.082509, 2.122509], [-0.130331, -0.090331]]
t=814: [[1.887052, 1.927052], [-0.587990, -0.547990]]
t=820: [[1.859235, 1.899235], [-0.609094, -0.569094]]
t=821: [[1.855143, 1.895143], [-0.612888, -0.572888]]
t=838: [[1.768996, 1.808996], [-0.662134, -0.622134]]
t=843: [[1.739187, 1.779187], [-0.676603, -0.636603]]
t=854: [[1.676549, 1.716549], [-0.710200, -0.670200]]
t=900: [[1.368590, 1.408590], [-0.882620, -0.842620]]
t=913: [[1.266155, 1.306155], [-0.949706, -0.909706]]
t=928: [[1.131884, 1.171884], [-1.045882, -1.005882]]
t=938: [[1.031001, 1.071001], [-1.122451, -1.082451]]
t=955: [[0.850562, 0.890562], [-1.283946, -1.243946]]
t=975: [[0.596903, 0.636903], [-1.534459, -1.494459]]
t=976: [[0.582851, 0.622851], [-1.549945, -1.509945]]
t=1021: [[-0.235745, -0.195745], [-2.391552, -2.351552]]
t=1024: [[-0.305207, -0.265207], [-2.450145, -2.410145]]
t=1041: [[-0.721478, -0.681478], [-2.681551, -2.641551]]
t=1061: [[-1.226861, -1.186861], [-2.525089, -2.485089]]
t=1067: [[-1.368729, -1.328729], [-2.354981, -2.314981]]
t=1084: [[-1.693273, -1.653273], [-1.650352, -1.610352]]
t=1139: [[-1.950081, -1.910081], [0.162579, 0.202579]]
t=1183: [[-1.716436, -1.676436], [0.590575, 0.630575]]
t=1191: [[-1.658478, -1.618478], [0.644750, 0.684750]]
t=1202: [[-1.568446, -1.528446], [0.714753, 0.754753]]
t=1222: [[-1.386913, -1.346913], [0.845047, 0.885047]]
t=1253: [[-1.053020, -1.013020], [1.113230, 1.153230]]
t=1264: [[-0.911761, -0.871761], [1.238980, 1.278980]]
t=1265: [[-0.899027, -0.859027], [1.252271, 1.292271]]
t=1293: [[-0.457173, -0.417173], [1.691868, 1.731868]]
t=1320: [[0.104428, 0.144428], [2.271054, 2.311054]]
t=1371: [[1.455456, 1.495456], [2.214373, 2.254373]]
t=1373: [[1.502061, 1.542061], [2.132866, 2.172866]]
t=1374: [[1.524043, 1.564043], [2.089573, 2.129573]]
t=1382: [[1.688720, 1.728720], [1.718803, 1.758803]]
t=1393: [[1.867649, 1.907649], [1.169730, 1.209730]]
t=1394: [[1.880367, 1.920367], [1.121435, 1.161435]]
t=1412: [[2.035630, 2.075630], [0.379538, 0.419538]]
t=1416: [[2.052486, 2.092486], [0.256259, 0.296259]]
t=1418: [[2.059280, 2.099280], [0.199365, 0.239365]]
t=1449: [[2.064281, 2.104281], [-0.331170, -0.291170]]
t=1459: [[2.041620, 2.081620], [-0.415871, -0.375871]]
t=1469: [[2.011032, 2.051032], [-0.475101, -0.435101]]
t=1481: [[1.968488, 2.008488], [-0.525906, -0.485906]]
t=1492: [[1.920008, 1.960008], [-0.563154, -0.523154]]
t=1505: [[1.860761, 1.900761], [-0.603424, -0.563424]]
t=1510: [[1.836546, 1.876546], [-0.617625, -0.577625]]
t=1538: [[1.694102, 1.734102], [-0.698287, -0.658287]]
t=1559: [[1.561723, 1.601723], [-0.768914, -0.728914]]
t=1560: [[1.555752, 1.595752], [-0.772412, -0.732412]]
t=1584: [[1.384743, 1.424743], [-0.869027, -0.829027]]
t=1595: [[1.300811, 1.340811], [-0.928025, -0.888025]]
t=1609: [[1.181751, 1.221751], [-1.014109, -0.974109]]
t=1612: [[1.154463, 1.194463], [-1.035946, -0.995946]]
t=1628: [[1.000793, 1.040793], [-1.156163, -1.116163]]
t=1632: [[0.959658, 0.999658], [-1.191777, -1.151777]]
t=1683: [[0.263247, 0.303247], [-1.898050, -1.858050]]
t=1687: [[0.191990, 0.231990], [-1.975600, -1.935600]]
t=1688: [[0.173251, 0.213251], [-1.994707, -1.954707]]
t=1694: [[0.060070, 0.100070], [-2.116622, -2.076622]]
t=1711: [[-0.305095, -0.265095], [-2.461694, -2.421694]]
t=1740: [[-1.039638, -0.999638], [-2.662185, -2.622185]]
t=1744: [[-1.139813, -1.099813], [-2.601891, -2.561891]]
t=1750: [[-1.287404, -1.247404], [-2.463293, -2.423293]]
t=1806: [[-1.971762, -1.931762], [-0.242690, -0.202690]]
t=1815: [[-1.971884, -1.931884], [-0.026561, 0.013439]]
t=1858: [[-1.796927, -1.756927], [0.510360, 0.550360]]
t=1860: [[-1.783734, -1.743734], [0.526158, 0.566158]]
t=1891: [[-1.556192, -1.516192], [0.722795, 0.762795]]
t=1918: [[-1.306336, -1.266336], [0.907170, 0.947170]]
t=1946: [[-0.986171, -0.946171], [1.174511, 1.214511]]
t=1957: [[-0.834676, -0.794676], [1.310863, 1.350863]]
t=1959: [[-0.805890, -0.765890], [1.337478, 1.377478]]
t=1994: [[-0.189651, -0.149651], [1.968977, 2.008977]]
